Using pre-set license
Built from '2021.3/staging' branch; Version is '2021.3.5f1 (40eb3a945986) revision 4254522'; Using compiler version '192829333'; Build Type 'Release'
OS: 'Windows 10  (10.0.19044) 64bit Professional' Language: 'ru' Physical Memory: 8124 MB
BatchMode: 1, IsHumanControllingUs: 0, StartBugReporterOnCrash: 0, Is64bit: 1, IsPro: 1

COMMAND LINE ARGUMENTS:
C:\Program Files\Unity 2021.3.5f1\Editor\Unity.exe
-adb2
-batchMode
-noUpm
-name
AssetImportWorker13
-projectPath
C:/Users/Algo1/Documents/кабанович дима/3D Platformer
-logFile
Logs/AssetImportWorker13.log
-srvPort
60244
Successfully changed project path to: C:/Users/Algo1/Documents/кабанович дима/3D Platformer
C:/Users/Algo1/Documents/кабанович дима/3D Platformer
[UnityMemory] Configuration Parameters - Can be set up in boot.config
    "memorysetup-bucket-allocator-granularity=16"
    "memorysetup-bucket-allocator-bucket-count=8"
    "memorysetup-bucket-allocator-block-size=33554432"
    "memorysetup-bucket-allocator-block-count=8"
    "memorysetup-main-allocator-block-size=16777216"
    "memorysetup-thread-allocator-block-size=16777216"
    "memorysetup-gfx-main-allocator-block-size=16777216"
    "memorysetup-gfx-thread-allocator-block-size=16777216"
    "memorysetup-cache-allocator-block-size=4194304"
    "memorysetup-typetree-allocator-block-size=2097152"
    "memorysetup-profiler-bucket-allocator-granularity=16"
    "memorysetup-profiler-bucket-allocator-bucket-count=8"
    "memorysetup-profiler-bucket-allocator-block-size=33554432"
    "memorysetup-profiler-bucket-allocator-block-count=8"
    "memorysetup-profiler-allocator-block-size=16777216"
    "memorysetup-profiler-editor-allocator-block-size=1048576"
    "memorysetup-temp-allocator-size-main=16777216"
    "memorysetup-job-temp-allocator-block-size=2097152"
    "memorysetup-job-temp-allocator-block-size-background=1048576"
    "memorysetup-job-temp-allocator-reduction-small-platforms=262144"
    "memorysetup-temp-allocator-size-background-worker=32768"
    "memorysetup-temp-allocator-size-job-worker=262144"
    "memorysetup-temp-allocator-size-preload-manager=33554432"
    "memorysetup-temp-allocator-size-nav-mesh-worker=65536"
    "memorysetup-temp-allocator-size-audio-worker=65536"
    "memorysetup-temp-allocator-size-cloud-worker=32768"
    "memorysetup-temp-allocator-size-gi-baking-worker=262144"
    "memorysetup-temp-allocator-size-gfx=262144"
Refreshing native plugins compatible for Editor in 1098.50 ms, found 3 plugins.
Preloading 0 native plugins for Editor in 0.00 ms.
Initialize engine version: 2021.3.5f1 (40eb3a945986)
[Subsystems] Discovering subsystems at path C:/Program Files/Unity 2021.3.5f1/Editor/Data/Resources/UnitySubsystems
[Subsystems] Discovering subsystems at path C:/Users/Algo1/Documents/кабанович дима/3D Platformer/Assets
GfxDevice: creating device client; threaded=0; jobified=0
Direct3D:
    Version:  Direct3D 11.0 [level 11.0]
    Renderer: NVIDIA GeForce GT 750M (ID=0xfe4)
    Vendor:   NVIDIA
    VRAM:     2009 MB
    Driver:   24.21.13.9836
Initialize mono
Mono path[0] = 'C:/Program Files/Unity 2021.3.5f1/Editor/Data/Managed'
Mono path[1] = 'C:/Program Files/Unity 2021.3.5f1/Editor/Data/MonoBleedingEdge/lib/mono/unityjit-win32'
Mono config path = 'C:/Program Files/Unity 2021.3.5f1/Editor/Data/MonoBleedingEdge/etc'
Using monoOptions --debugger-agent=transport=dt_socket,embedding=1,server=y,suspend=n,address=127.0.0.1:56328
Begin MonoManager ReloadAssembly
Registering precompiled unity dll's ...
Register platform support module: C:/Program Files/Unity 2021.3.5f1/Editor/Data/PlaybackEngines/WindowsStandaloneSupport/UnityEditor.WindowsStandalone.Extensions.dll
Registered in 0.043795 seconds.
Native extension for WindowsStandalone target not found
Refreshing native plugins compatible for Editor in 1071.09 ms, found 3 plugins.
Preloading 0 native plugins for Editor in 0.00 ms.
Mono: successfully reloaded assembly
- Completed reload, in  5.962 seconds
Domain Reload Profiling:
	ReloadAssembly (5965ms)
		BeginReloadAssembly (631ms)
			ExecutionOrderSort (0ms)
			DisableScriptedObjects (0ms)
			BackupInstance (0ms)
			ReleaseScriptingObjects (0ms)
			CreateAndSetChildDomain (7ms)
		EndReloadAssembly (4258ms)
			LoadAssemblies (607ms)
			RebuildTransferFunctionScriptingTraits (0ms)
			SetupTypeCache (1005ms)
			ReleaseScriptCaches (0ms)
			RebuildScriptCaches (253ms)
			SetupLoadedEditorAssemblies (2489ms)
				LogAssemblyErrors (0ms)
				InitializePlatformSupportModulesInManaged (63ms)
				SetLoadedEditorAssemblies (1ms)
				RefreshPlugins (1071ms)
				BeforeProcessingInitializeOnLoad (8ms)
				ProcessInitializeOnLoadAttributes (1038ms)
				ProcessInitializeOnLoadMethodAttributes (306ms)
				AfterProcessingInitializeOnLoad (0ms)
				EditorAssembliesLoaded (1ms)
			ExecutionOrderSort2 (0ms)
			AwakeInstancesAfterBackupRestoration (0ms)
Platform modules already initialized, skipping
Registering precompiled user dll's ...
Registered in 0.032079 seconds.
Begin MonoManager ReloadAssembly
Symbol file LoadedFromMemory doesn't match image C:\Users\Algo1\Documents\кабанович дима\3D Platformer\Library\PackageCache\com.unity.visualscripting@1.7.8\Editor\VisualScripting.Core\Dependencies\YamlDotNet\Unity.VisualScripting.YamlDotNet.dll
Symbol file LoadedFromMemory doesn't match image C:\Users\Algo1\Documents\кабанович дима\3D Platformer\Library\PackageCache\com.unity.visualscripting@1.7.8\Editor\VisualScripting.Core\Dependencies\DotNetZip\Unity.VisualScripting.IonicZip.dll
Native extension for WindowsStandalone target not found
Refreshing native plugins compatible for Editor in 4.27 ms, found 3 plugins.
Preloading 0 native plugins for Editor in 0.00 ms.
Mono: successfully reloaded assembly
- Completed reload, in 10.048 seconds
Domain Reload Profiling:
	ReloadAssembly (10056ms)
		BeginReloadAssembly (1025ms)
			ExecutionOrderSort (0ms)
			DisableScriptedObjects (55ms)
			BackupInstance (0ms)
			ReleaseScriptingObjects (1ms)
			CreateAndSetChildDomain (214ms)
		EndReloadAssembly (7954ms)
			LoadAssemblies (662ms)
			RebuildTransferFunctionScriptingTraits (0ms)
			SetupTypeCache (2926ms)
			ReleaseScriptCaches (2ms)
			RebuildScriptCaches (374ms)
			SetupLoadedEditorAssemblies (3598ms)
				LogAssemblyErrors (0ms)
				InitializePlatformSupportModulesInManaged (30ms)
				SetLoadedEditorAssemblies (5ms)
				RefreshPlugins (5ms)
				BeforeProcessingInitializeOnLoad (679ms)
				ProcessInitializeOnLoadAttributes (2369ms)
				ProcessInitializeOnLoadMethodAttributes (398ms)
				AfterProcessingInitializeOnLoad (109ms)
				EditorAssembliesLoaded (4ms)
			ExecutionOrderSort2 (0ms)
			AwakeInstancesAfterBackupRestoration (64ms)
Platform modules already initialized, skipping
========================================================================
Worker process is ready to serve import requests
Launched and connected shader compiler UnityShaderCompiler.exe after 0.35 seconds
Refreshing native plugins compatible for Editor in 4.70 ms, found 3 plugins.
Preloading 0 native plugins for Editor in 0.00 ms.
Unloading 3422 Unused Serialized files (Serialized files now loaded: 0)
Unloading 26 unused Assets / (83.4 KB). Loaded Objects now: 3908.
Memory consumption went from 137.4 MB to 137.3 MB.
Total: 20.720500 ms (FindLiveObjects: 1.713500 ms CreateObjectMapping: 1.511200 ms MarkObjects: 16.980300 ms  DeleteObjects: 0.510500 ms)

AssetImportParameters requested are different than current active one (requested -> active):
  custom:video-decoder-ogg-theora: a1e56fd34408186e4bbccfd4996cb3dc -> 
  custom:container-muxer-webm: aa71ff27fc2769a1b78a27578f13a17b -> 
  custom:container-demuxer-webm: 4f35f7cbe854078d1ac9338744f61a02 -> 
  custom:video-encoder-webm-vp8: eb34c28f22e8b96e1ab97ce403110664 -> 
  custom:audio-encoder-webm-vorbis: bf7c407c2cedff20999df2af8eb42d56 -> 
  custom:framework-win-MediaFoundation: 216162199b28c13a410421893ffa2e32 -> 
  custom:container-demuxer-ogg: 62fdf1f143b41e24485cea50d1cbac27 -> 
  custom:video-decoder-webm-vp8: 9c59270c3fd7afecdb556c50c9e8de78 -> 
  custom:audio-decoder-ogg-vorbis: bf7c407c2cedff20999df2af8eb42d56 -> 
========================================================================
Received Import Request.
  Time since last request: 1461528.778056 seconds.
  path: Assets/Level_1/ThirdParty/Wizard/Models/StaffModel.fbx
  artifactKey: Guid(199d5221dad59a74aa0d8d47e83e6e03) Importer(815301076,1909f56bfc062723c751e8b465ee728b)
Start importing Assets/Level_1/ThirdParty/Wizard/Models/StaffModel.fbx using Guid(199d5221dad59a74aa0d8d47e83e6e03) Importer(815301076,1909f56bfc062723c751e8b465ee728b)  -> (artifact id: '76758bd2fa07606a2ac3233ddd0bfe60') in 1.324513 seconds 
========================================================================
Received Import Request.
  Time since last request: 0.000091 seconds.
  path: Assets/Level_1/ThirdParty/Wizard/Prefabs/StaffPrefab.prefab
  artifactKey: Guid(713f90f70ef14794bbdcabcb038f4ae7) Importer(815301076,1909f56bfc062723c751e8b465ee728b)
Start importing Assets/Level_1/ThirdParty/Wizard/Prefabs/StaffPrefab.prefab using Guid(713f90f70ef14794bbdcabcb038f4ae7) Importer(815301076,1909f56bfc062723c751e8b465ee728b)  -> (artifact id: 'd5ffdf3bce4b374af1dc522b9a75f26b') in 0.136603 seconds 
========================================================================
Received Import Request.
  Time since last request: 0.000277 seconds.
  path: Assets/Level_1/ThirdParty/Wizard/Prefabs/WizardPrefab.prefab
  artifactKey: Guid(ccd8c3b89aa02e943a08ab9238a8a70c) Importer(815301076,1909f56bfc062723c751e8b465ee728b)
Start importing Assets/Level_1/ThirdParty/Wizard/Prefabs/WizardPrefab.prefab using Guid(ccd8c3b89aa02e943a08ab9238a8a70c) Importer(815301076,1909f56bfc062723c751e8b465ee728b)  -> (artifact id: '4b619c731aae1cd6dc46f8fe94261ad7') in 0.262926 seconds 
========================================================================
Received Import Request.
  Time since last request: 0.000102 seconds.
  path: Assets/Level_1/ThirdParty/Wizard/Prefabs
  artifactKey: Guid(6db0bb99fff60fb48b231df984fad89e) Importer(815301076,1909f56bfc062723c751e8b465ee728b)
Start importing Assets/Level_1/ThirdParty/Wizard/Prefabs using Guid(6db0bb99fff60fb48b231df984fad89e) Importer(815301076,1909f56bfc062723c751e8b465ee728b)  -> (artifact id: 'b6c837abf289a6b255c907e7bd9b85ea') in 0.060017 seconds 
========================================================================
Received Import Request.
  Time since last request: 240.503998 seconds.
  path: Assets/Level_1/ThirdParty/Wizard/Animations/Attack02Maintain.fbx
  artifactKey: Guid(772ab72bc9a5db54bbf0865469eecc37) Importer(815301076,1909f56bfc062723c751e8b465ee728b)
Start importing Assets/Level_1/ThirdParty/Wizard/Animations/Attack02Maintain.fbx using Guid(772ab72bc9a5db54bbf0865469eecc37) Importer(815301076,1909f56bfc062723c751e8b465ee728b)  -> (artifact id: 'a30ccc01646ba3e20df2d46cf6c82f00') in 0.265912 seconds 
========================================================================
Received Import Request.
  Time since last request: 0.000086 seconds.
  path: Assets/Level_1/ThirdParty/Wizard/Animations/JumpUp.fbx
  artifactKey: Guid(d84eaa1354c31fa49a71e96cc487d56f) Importer(815301076,1909f56bfc062723c751e8b465ee728b)
Start importing Assets/Level_1/ThirdParty/Wizard/Animations/JumpUp.fbx using Guid(d84eaa1354c31fa49a71e96cc487d56f) Importer(815301076,1909f56bfc062723c751e8b465ee728b)  -> (artifact id: '0ccba02e27b0e41d9201691e97e9952d') in 0.269701 seconds 
========================================================================
Received Import Request.
  Time since last request: 0.000411 seconds.
  path: Assets/Level_1/ThirdParty/Wizard/Animations/DefendMaintain.fbx
  artifactKey: Guid(c4b5c0e66f5602c4d9d0a70261bca170) Importer(815301076,1909f56bfc062723c751e8b465ee728b)
Start importing Assets/Level_1/ThirdParty/Wizard/Animations/DefendMaintain.fbx using Guid(c4b5c0e66f5602c4d9d0a70261bca170) Importer(815301076,1909f56bfc062723c751e8b465ee728b)  -> (artifact id: '3d7b62f2269da9d6a876d10ffca28c06') in 0.284064 seconds 
========================================================================
Received Import Request.
  Time since last request: 0.000092 seconds.
  path: Assets/Level_1/ThirdParty/Wizard/Animations/JumpAirAttack.fbx
  artifactKey: Guid(0ea920bff0bc70345a1ac988ac997e73) Importer(815301076,1909f56bfc062723c751e8b465ee728b)
Start importing Assets/Level_1/ThirdParty/Wizard/Animations/JumpAirAttack.fbx using Guid(0ea920bff0bc70345a1ac988ac997e73) Importer(815301076,1909f56bfc062723c751e8b465ee728b)  -> (artifact id: 'eac73f21eaf5a0c7d3559f3cbb50a550') in 0.244107 seconds 
========================================================================
Received Import Request.
  Time since last request: 0.000128 seconds.
  path: Assets/Level_1/ThirdParty/Wizard/Animations/BattleWalkBack.fbx
  artifactKey: Guid(61d53a1bd108efb4a8f50f729e2b15bb) Importer(815301076,1909f56bfc062723c751e8b465ee728b)
Start importing Assets/Level_1/ThirdParty/Wizard/Animations/BattleWalkBack.fbx using Guid(61d53a1bd108efb4a8f50f729e2b15bb) Importer(815301076,1909f56bfc062723c751e8b465ee728b)  -> (artifact id: '8d48b120c564f1e2234a9557b05a762a') in 0.223092 seconds 
========================================================================
Received Import Request.
  Time since last request: 0.000096 seconds.
  path: Assets/Level_1/ThirdParty/Wizard/Animations/Idle01.fbx
  artifactKey: Guid(c24d7c58cefa37a4a84ebd75f98bcfc7) Importer(815301076,1909f56bfc062723c751e8b465ee728b)
Start importing Assets/Level_1/ThirdParty/Wizard/Animations/Idle01.fbx using Guid(c24d7c58cefa37a4a84ebd75f98bcfc7) Importer(815301076,1909f56bfc062723c751e8b465ee728b)  -> (artifact id: '9c1e03584abfa078879d3ae8667b5d34') in 0.229768 seconds 
========================================================================
Received Import Request.
  Time since last request: 0.000107 seconds.
  path: Assets/Level_1/ThirdParty/Wizard/Animations/Interact.fbx
  artifactKey: Guid(4a412c425e347044d9bd20cf127cd4c9) Importer(815301076,1909f56bfc062723c751e8b465ee728b)
Start importing Assets/Level_1/ThirdParty/Wizard/Animations/Interact.fbx using Guid(4a412c425e347044d9bd20cf127cd4c9) Importer(815301076,1909f56bfc062723c751e8b465ee728b)  -> (artifact id: 'd1508267270784e112f6867ca3cfce85') in 0.254082 seconds 
========================================================================
Received Import Request.
  Time since last request: 0.000084 seconds.
  path: Assets/Level_1/ThirdParty/Wizard/Animations/JumpUpAttack.fbx
  artifactKey: Guid(00ac993e870df7c4b9425dfb0e4dcce7) Importer(815301076,1909f56bfc062723c751e8b465ee728b)
Start importing Assets/Level_1/ThirdParty/Wizard/Animations/JumpUpAttack.fbx using Guid(00ac993e870df7c4b9425dfb0e4dcce7) Importer(815301076,1909f56bfc062723c751e8b465ee728b)  -> (artifact id: '34fec1dd3580e62c8f28fb14fb73bb24') in 0.312158 seconds 
========================================================================
Received Import Request.
  Time since last request: 0.000109 seconds.
  path: Assets/Level_1/ThirdParty/Wizard/Animations/BattleWalkRight.fbx
  artifactKey: Guid(034514e1d437a2d4dade1cdf55367352) Importer(815301076,1909f56bfc062723c751e8b465ee728b)
Start importing Assets/Level_1/ThirdParty/Wizard/Animations/BattleWalkRight.fbx using Guid(034514e1d437a2d4dade1cdf55367352) Importer(815301076,1909f56bfc062723c751e8b465ee728b)  -> (artifact id: 'fe7bc61e52d5b76e40b1dde400486a79') in 0.283758 seconds 
========================================================================
Received Import Request.
  Time since last request: 0.000136 seconds.
  path: Assets/Level_1/ThirdParty/Wizard/Animations/PickUp.fbx
  artifactKey: Guid(9cf799ef67aa99a48bfffcb222ef873f) Importer(815301076,1909f56bfc062723c751e8b465ee728b)
Start importing Assets/Level_1/ThirdParty/Wizard/Animations/PickUp.fbx using Guid(9cf799ef67aa99a48bfffcb222ef873f) Importer(815301076,1909f56bfc062723c751e8b465ee728b)  -> (artifact id: 'df7fcb272d50dbf4bcdf0726a35cb9e8') in 0.266951 seconds 
========================================================================
Received Import Request.
  Time since last request: 0.000522 seconds.
  path: Assets/Level_1/ThirdParty/Wizard/Animations/Idle02.fbx
  artifactKey: Guid(b66c3422f4986334c9ff55882cf84247) Importer(815301076,1909f56bfc062723c751e8b465ee728b)
Start importing Assets/Level_1/ThirdParty/Wizard/Animations/Idle02.fbx using Guid(b66c3422f4986334c9ff55882cf84247) Importer(815301076,1909f56bfc062723c751e8b465ee728b)  -> (artifact id: '5645c830e3e2ff622bba14b4f6d0b64b') in 0.292203 seconds 
========================================================================
Received Import Request.
  Time since last request: 0.000175 seconds.
  path: Assets/Level_1/ThirdParty/Wizard/Animations/BattleRunForward.fbx
  artifactKey: Guid(057ecc6c28778d141a1ce011ee4a6b22) Importer(815301076,1909f56bfc062723c751e8b465ee728b)
Start importing Assets/Level_1/ThirdParty/Wizard/Animations/BattleRunForward.fbx using Guid(057ecc6c28778d141a1ce011ee4a6b22) Importer(815301076,1909f56bfc062723c751e8b465ee728b)  -> (artifact id: '04d9aca25dc124816ffc475d12af25cb') in 0.242308 seconds 
========================================================================
Received Import Request.
  Time since last request: 0.000106 seconds.
  path: Assets/Level_1/ThirdParty/Wizard/Animations/JumpAir.fbx
  artifactKey: Guid(4c2b27c0e8327b840ab5f916209ba36a) Importer(815301076,1909f56bfc062723c751e8b465ee728b)
Start importing Assets/Level_1/ThirdParty/Wizard/Animations/JumpAir.fbx using Guid(4c2b27c0e8327b840ab5f916209ba36a) Importer(815301076,1909f56bfc062723c751e8b465ee728b)  -> (artifact id: '51032ae4c1b8b359706b37d2ae73ac04') in 0.201442 seconds 
========================================================================
Received Import Request.
  Time since last request: 0.000095 seconds.
  path: Assets/Level_1/ThirdParty/Wizard/Animations/GetHit.fbx
  artifactKey: Guid(2f592d5d1c1add446a8b3c2ff3f18a4e) Importer(815301076,1909f56bfc062723c751e8b465ee728b)
Start importing Assets/Level_1/ThirdParty/Wizard/Animations/GetHit.fbx using Guid(2f592d5d1c1add446a8b3c2ff3f18a4e) Importer(815301076,1909f56bfc062723c751e8b465ee728b)  -> (artifact id: 'e49863ddee4de824817dd4d823c5b1bd') in 0.244961 seconds 
========================================================================
Received Import Request.
  Time since last request: 0.000106 seconds.
  path: Assets/Level_1/ThirdParty/Wizard/Animations/VictoryMaintain.fbx
  artifactKey: Guid(b016241d6c755924faa72ef01f6917f3) Importer(815301076,1909f56bfc062723c751e8b465ee728b)
Start importing Assets/Level_1/ThirdParty/Wizard/Animations/VictoryMaintain.fbx using Guid(b016241d6c755924faa72ef01f6917f3) Importer(815301076,1909f56bfc062723c751e8b465ee728b)  -> (artifact id: 'd9780d4296e83503fcc6196589d86a98') in 0.197230 seconds 
========================================================================
Received Import Request.
  Time since last request: 0.000086 seconds.
  path: Assets/Level_1/ThirdParty/Wizard/Animations/DefendStart.fbx
  artifactKey: Guid(fee3c136e33beab44910227b8afc9d94) Importer(815301076,1909f56bfc062723c751e8b465ee728b)
Start importing Assets/Level_1/ThirdParty/Wizard/Animations/DefendStart.fbx using Guid(fee3c136e33beab44910227b8afc9d94) Importer(815301076,1909f56bfc062723c751e8b465ee728b)  -> (artifact id: 'f1ba5571bb6ddc37d2472a7fa97787de') in 0.200234 seconds 
========================================================================
Received Prepare
Registering precompiled user dll's ...
Registered in 0.057394 seconds.
Begin MonoManager ReloadAssembly
Symbol file LoadedFromMemory doesn't match image C:\Users\Algo1\Documents\кабанович дима\3D Platformer\Library\PackageCache\com.unity.visualscripting@1.7.8\Editor\VisualScripting.Core\Dependencies\YamlDotNet\Unity.VisualScripting.YamlDotNet.dll
Symbol file LoadedFromMemory doesn't match image C:\Users\Algo1\Documents\кабанович дима\3D Platformer\Library\PackageCache\com.unity.visualscripting@1.7.8\Editor\VisualScripting.Core\Dependencies\DotNetZip\Unity.VisualScripting.IonicZip.dll
Native extension for WindowsStandalone target not found
Refreshing native plugins compatible for Editor in 3.24 ms, found 3 plugins.
Preloading 0 native plugins for Editor in 0.00 ms.
Mono: successfully reloaded assembly
- Completed reload, in  8.853 seconds
Domain Reload Profiling:
	ReloadAssembly (8856ms)
		BeginReloadAssembly (1330ms)
			ExecutionOrderSort (0ms)
			DisableScriptedObjects (60ms)
			BackupInstance (0ms)
			ReleaseScriptingObjects (0ms)
			CreateAndSetChildDomain (313ms)
		EndReloadAssembly (6468ms)
			LoadAssemblies (885ms)
			RebuildTransferFunctionScriptingTraits (0ms)
			SetupTypeCache (2254ms)
			ReleaseScriptCaches (5ms)
			RebuildScriptCaches (212ms)
			SetupLoadedEditorAssemblies (3193ms)
				LogAssemblyErrors (0ms)
				InitializePlatformSupportModulesInManaged (66ms)
				SetLoadedEditorAssemblies (3ms)
				RefreshPlugins (3ms)
				BeforeProcessingInitializeOnLoad (460ms)
				ProcessInitializeOnLoadAttributes (2454ms)
				ProcessInitializeOnLoadMethodAttributes (166ms)
				AfterProcessingInitializeOnLoad (39ms)
				EditorAssembliesLoaded (1ms)
			ExecutionOrderSort2 (0ms)
			AwakeInstancesAfterBackupRestoration (31ms)
Platform modules already initialized, skipping
Refreshing native plugins compatible for Editor in 11.70 ms, found 3 plugins.
Preloading 0 native plugins for Editor in 0.00 ms.
Unloading 3557 Unused Serialized files (Serialized files now loaded: 0)
Unloading 21 unused Assets / (144.1 KB). Loaded Objects now: 4091.
Memory consumption went from 158.5 MB to 158.4 MB.
Total: 16.274800 ms (FindLiveObjects: 0.799800 ms CreateObjectMapping: 0.881300 ms MarkObjects: 14.163800 ms  DeleteObjects: 0.425800 ms)

AssetImportParameters requested are different than current active one (requested -> active):
  custom:video-decoder-ogg-theora: a1e56fd34408186e4bbccfd4996cb3dc -> 
  custom:container-muxer-webm: aa71ff27fc2769a1b78a27578f13a17b -> 
  custom:container-demuxer-webm: 4f35f7cbe854078d1ac9338744f61a02 -> 
  custom:video-encoder-webm-vp8: eb34c28f22e8b96e1ab97ce403110664 -> 
  custom:audio-encoder-webm-vorbis: bf7c407c2cedff20999df2af8eb42d56 -> 
  custom:framework-win-MediaFoundation: 216162199b28c13a410421893ffa2e32 -> 
  custom:container-demuxer-ogg: 62fdf1f143b41e24485cea50d1cbac27 -> 
  custom:video-decoder-webm-vp8: 9c59270c3fd7afecdb556c50c9e8de78 -> 
  custom:audio-decoder-ogg-vorbis: bf7c407c2cedff20999df2af8eb42d56 -> 
========================================================================
Received Import Request.
  Time since last request: 2141.533012 seconds.
  path: Assets/Level_1/ThirdParty/Nature pack extended/Materials/Mesh1_Fallen_Trunk_ModelMat.mat
  artifactKey: Guid(5e14018fb6cb14142bd062e6604acba7) Importer(815301076,1909f56bfc062723c751e8b465ee728b)
Start importing Assets/Level_1/ThirdParty/Nature pack extended/Materials/Mesh1_Fallen_Trunk_ModelMat.mat using Guid(5e14018fb6cb14142bd062e6604acba7) Importer(815301076,1909f56bfc062723c751e8b465ee728b)  -> (artifact id: 'b83286242c230db5262029ff54df0bbf') in 0.698043 seconds 
========================================================================
Received Import Request.
  Time since last request: 0.000105 seconds.
  path: Assets/Level_1/ThirdParty/Nature pack extended/Materials/Mesh1_Trunk_Alt_ModelMat.mat
  artifactKey: Guid(9e365818cbd7d2e489a37bcd7dbe7542) Importer(815301076,1909f56bfc062723c751e8b465ee728b)
Start importing Assets/Level_1/ThirdParty/Nature pack extended/Materials/Mesh1_Trunk_Alt_ModelMat.mat using Guid(9e365818cbd7d2e489a37bcd7dbe7542) Importer(815301076,1909f56bfc062723c751e8b465ee728b)  -> (artifact id: '5647c0db79dd9f8166b1bd0b2ea29d91') in 0.127851 seconds 
========================================================================
Received Import Request.
  Time since last request: 0.000123 seconds.
  path: Assets/Level_1/ThirdParty/Nature pack extended/Materials/Mesh1_Trunk_ModelMat.mat
  artifactKey: Guid(dd7a856c9d82dcc44afd46699ef0f2c6) Importer(815301076,1909f56bfc062723c751e8b465ee728b)
Start importing Assets/Level_1/ThirdParty/Nature pack extended/Materials/Mesh1_Trunk_ModelMat.mat using Guid(dd7a856c9d82dcc44afd46699ef0f2c6) Importer(815301076,1909f56bfc062723c751e8b465ee728b)  -> (artifact id: '59bfa44570f210b1b4293a2bead19aeb') in 0.158812 seconds 
========================================================================
Received Prepare
Registering precompiled user dll's ...
Registered in 0.052395 seconds.
Begin MonoManager ReloadAssembly
Symbol file LoadedFromMemory doesn't match image C:\Users\Algo1\Documents\кабанович дима\3D Platformer\Library\PackageCache\com.unity.visualscripting@1.7.8\Editor\VisualScripting.Core\Dependencies\YamlDotNet\Unity.VisualScripting.YamlDotNet.dll
Symbol file LoadedFromMemory doesn't match image C:\Users\Algo1\Documents\кабанович дима\3D Platformer\Library\PackageCache\com.unity.visualscripting@1.7.8\Editor\VisualScripting.Core\Dependencies\DotNetZip\Unity.VisualScripting.IonicZip.dll
Native extension for WindowsStandalone target not found
Refreshing native plugins compatible for Editor in 5.09 ms, found 3 plugins.
Preloading 0 native plugins for Editor in 0.00 ms.
Mono: successfully reloaded assembly
- Completed reload, in 11.544 seconds
Domain Reload Profiling:
	ReloadAssembly (11549ms)
		BeginReloadAssembly (1071ms)
			ExecutionOrderSort (0ms)
			DisableScriptedObjects (49ms)
			BackupInstance (0ms)
			ReleaseScriptingObjects (0ms)
			CreateAndSetChildDomain (225ms)
		EndReloadAssembly (8924ms)
			LoadAssemblies (911ms)
			RebuildTransferFunctionScriptingTraits (0ms)
			SetupTypeCache (4449ms)
			ReleaseScriptCaches (5ms)
			RebuildScriptCaches (313ms)
			SetupLoadedEditorAssemblies (2897ms)
				LogAssemblyErrors (0ms)
				InitializePlatformSupportModulesInManaged (84ms)
				SetLoadedEditorAssemblies (3ms)
				RefreshPlugins (5ms)
				BeforeProcessingInitializeOnLoad (458ms)
				ProcessInitializeOnLoadAttributes (2029ms)
				ProcessInitializeOnLoadMethodAttributes (223ms)
				AfterProcessingInitializeOnLoad (94ms)
				EditorAssembliesLoaded (1ms)
			ExecutionOrderSort2 (0ms)
			AwakeInstancesAfterBackupRestoration (64ms)
Platform modules already initialized, skipping
Refreshing native plugins compatible for Editor in 10.50 ms, found 3 plugins.
Preloading 0 native plugins for Editor in 0.00 ms.
Unloading 3557 Unused Serialized files (Serialized files now loaded: 0)
Unloading 21 unused Assets / (144.2 KB). Loaded Objects now: 4139.
Memory consumption went from 158.7 MB to 158.6 MB.
Total: 16.839600 ms (FindLiveObjects: 0.728400 ms CreateObjectMapping: 1.104500 ms MarkObjects: 14.692500 ms  DeleteObjects: 0.310700 ms)

AssetImportParameters requested are different than current active one (requested -> active):
  custom:video-decoder-ogg-theora: a1e56fd34408186e4bbccfd4996cb3dc -> 
  custom:container-muxer-webm: aa71ff27fc2769a1b78a27578f13a17b -> 
  custom:container-demuxer-webm: 4f35f7cbe854078d1ac9338744f61a02 -> 
  custom:video-encoder-webm-vp8: eb34c28f22e8b96e1ab97ce403110664 -> 
  custom:audio-encoder-webm-vorbis: bf7c407c2cedff20999df2af8eb42d56 -> 
  custom:framework-win-MediaFoundation: 216162199b28c13a410421893ffa2e32 -> 
  custom:container-demuxer-ogg: 62fdf1f143b41e24485cea50d1cbac27 -> 
  custom:video-decoder-webm-vp8: 9c59270c3fd7afecdb556c50c9e8de78 -> 
  custom:audio-decoder-ogg-vorbis: bf7c407c2cedff20999df2af8eb42d56 -> 
========================================================================
Received Prepare
Registering precompiled user dll's ...
Registered in 0.045337 seconds.
Begin MonoManager ReloadAssembly
Symbol file LoadedFromMemory doesn't match image C:\Users\Algo1\Documents\кабанович дима\3D Platformer\Library\PackageCache\com.unity.visualscripting@1.7.8\Editor\VisualScripting.Core\Dependencies\YamlDotNet\Unity.VisualScripting.YamlDotNet.dll
Symbol file LoadedFromMemory doesn't match image C:\Users\Algo1\Documents\кабанович дима\3D Platformer\Library\PackageCache\com.unity.visualscripting@1.7.8\Editor\VisualScripting.Core\Dependencies\DotNetZip\Unity.VisualScripting.IonicZip.dll
Native extension for WindowsStandalone target not found
Refreshing native plugins compatible for Editor in 3.21 ms, found 3 plugins.
Preloading 0 native plugins for Editor in 0.00 ms.
Mono: successfully reloaded assembly
- Completed reload, in  7.496 seconds
Domain Reload Profiling:
	ReloadAssembly (7501ms)
		BeginReloadAssembly (2070ms)
			ExecutionOrderSort (0ms)
			DisableScriptedObjects (345ms)
			BackupInstance (0ms)
			ReleaseScriptingObjects (1ms)
			CreateAndSetChildDomain (237ms)
		EndReloadAssembly (4839ms)
			LoadAssemblies (1263ms)
			RebuildTransferFunctionScriptingTraits (0ms)
			SetupTypeCache (1525ms)
			ReleaseScriptCaches (6ms)
			RebuildScriptCaches (280ms)
			SetupLoadedEditorAssemblies (2335ms)
				LogAssemblyErrors (2ms)
				InitializePlatformSupportModulesInManaged (71ms)
				SetLoadedEditorAssemblies (3ms)
				RefreshPlugins (3ms)
				BeforeProcessingInitializeOnLoad (576ms)
				ProcessInitializeOnLoadAttributes (1433ms)
				ProcessInitializeOnLoadMethodAttributes (191ms)
				AfterProcessingInitializeOnLoad (55ms)
				EditorAssembliesLoaded (1ms)
			ExecutionOrderSort2 (0ms)
			AwakeInstancesAfterBackupRestoration (43ms)
Platform modules already initialized, skipping
Refreshing native plugins compatible for Editor in 8.51 ms, found 3 plugins.
Preloading 0 native plugins for Editor in 0.00 ms.
Unloading 3558 Unused Serialized files (Serialized files now loaded: 0)
Unloading 21 unused Assets / (144.1 KB). Loaded Objects now: 4155.
Memory consumption went from 158.8 MB to 158.6 MB.
Total: 15.049800 ms (FindLiveObjects: 0.767300 ms CreateObjectMapping: 0.686700 ms MarkObjects: 13.159200 ms  DeleteObjects: 0.432700 ms)

AssetImportParameters requested are different than current active one (requested -> active):
  custom:video-decoder-ogg-theora: a1e56fd34408186e4bbccfd4996cb3dc -> 
  custom:container-muxer-webm: aa71ff27fc2769a1b78a27578f13a17b -> 
  custom:container-demuxer-webm: 4f35f7cbe854078d1ac9338744f61a02 -> 
  custom:video-encoder-webm-vp8: eb34c28f22e8b96e1ab97ce403110664 -> 
  custom:audio-encoder-webm-vorbis: bf7c407c2cedff20999df2af8eb42d56 -> 
  custom:framework-win-MediaFoundation: 216162199b28c13a410421893ffa2e32 -> 
  custom:container-demuxer-ogg: 62fdf1f143b41e24485cea50d1cbac27 -> 
  custom:video-decoder-webm-vp8: 9c59270c3fd7afecdb556c50c9e8de78 -> 
  custom:audio-decoder-ogg-vorbis: bf7c407c2cedff20999df2af8eb42d56 -> 
========================================================================
Received Prepare
Registering precompiled user dll's ...
Registered in 0.061307 seconds.
Begin MonoManager ReloadAssembly
Symbol file LoadedFromMemory doesn't match image C:\Users\Algo1\Documents\кабанович дима\3D Platformer\Library\PackageCache\com.unity.visualscripting@1.7.8\Editor\VisualScripting.Core\Dependencies\YamlDotNet\Unity.VisualScripting.YamlDotNet.dll
Symbol file LoadedFromMemory doesn't match image C:\Users\Algo1\Documents\кабанович дима\3D Platformer\Library\PackageCache\com.unity.visualscripting@1.7.8\Editor\VisualScripting.Core\Dependencies\DotNetZip\Unity.VisualScripting.IonicZip.dll
Native extension for WindowsStandalone target not found
Refreshing native plugins compatible for Editor in 9.79 ms, found 3 plugins.
Preloading 0 native plugins for Editor in 0.00 ms.
Mono: successfully reloaded assembly
- Completed reload, in  9.522 seconds
Domain Reload Profiling:
	ReloadAssembly (9525ms)
		BeginReloadAssembly (912ms)
			ExecutionOrderSort (0ms)
			DisableScriptedObjects (34ms)
			BackupInstance (0ms)
			ReleaseScriptingObjects (0ms)
			CreateAndSetChildDomain (222ms)
		EndReloadAssembly (7941ms)
			LoadAssemblies (601ms)
			RebuildTransferFunctionScriptingTraits (0ms)
			SetupTypeCache (1794ms)
			ReleaseScriptCaches (6ms)
			RebuildScriptCaches (590ms)
			SetupLoadedEditorAssemblies (4312ms)
				LogAssemblyErrors (0ms)
				InitializePlatformSupportModulesInManaged (145ms)
				SetLoadedEditorAssemblies (3ms)
				RefreshPlugins (11ms)
				BeforeProcessingInitializeOnLoad (777ms)
				ProcessInitializeOnLoadAttributes (2964ms)
				ProcessInitializeOnLoadMethodAttributes (315ms)
				AfterProcessingInitializeOnLoad (96ms)
				EditorAssembliesLoaded (1ms)
			ExecutionOrderSort2 (0ms)
			AwakeInstancesAfterBackupRestoration (56ms)
Platform modules already initialized, skipping
Refreshing native plugins compatible for Editor in 37.47 ms, found 3 plugins.
Preloading 0 native plugins for Editor in 0.00 ms.
Unloading 3558 Unused Serialized files (Serialized files now loaded: 0)
Unloading 21 unused Assets / (144.2 KB). Loaded Objects now: 4170.
Memory consumption went from 158.8 MB to 158.7 MB.
Total: 31.105200 ms (FindLiveObjects: 1.299200 ms CreateObjectMapping: 0.878600 ms MarkObjects: 27.978900 ms  DeleteObjects: 0.943800 ms)

AssetImportParameters requested are different than current active one (requested -> active):
  custom:video-decoder-ogg-theora: a1e56fd34408186e4bbccfd4996cb3dc -> 
  custom:container-muxer-webm: aa71ff27fc2769a1b78a27578f13a17b -> 
  custom:container-demuxer-webm: 4f35f7cbe854078d1ac9338744f61a02 -> 
  custom:video-encoder-webm-vp8: eb34c28f22e8b96e1ab97ce403110664 -> 
  custom:audio-encoder-webm-vorbis: bf7c407c2cedff20999df2af8eb42d56 -> 
  custom:framework-win-MediaFoundation: 216162199b28c13a410421893ffa2e32 -> 
  custom:container-demuxer-ogg: 62fdf1f143b41e24485cea50d1cbac27 -> 
  custom:video-decoder-webm-vp8: 9c59270c3fd7afecdb556c50c9e8de78 -> 
  custom:audio-decoder-ogg-vorbis: bf7c407c2cedff20999df2af8eb42d56 -> 
========================================================================
Received Import Request.
  Time since last request: 1127.208592 seconds.
  path: Assets/Level_1/Code/CharacterAnim.cs
  artifactKey: Guid(b10d1374ded510d4988a6417142c957b) Importer(815301076,1909f56bfc062723c751e8b465ee728b)
Start importing Assets/Level_1/Code/CharacterAnim.cs using Guid(b10d1374ded510d4988a6417142c957b) Importer(815301076,1909f56bfc062723c751e8b465ee728b)  -> (artifact id: '3dd24ac32df31e6e59cccffaa036c5c9') in 0.096414 seconds 
========================================================================
Received Prepare
Registering precompiled user dll's ...
Registered in 0.040670 seconds.
Begin MonoManager ReloadAssembly
Symbol file LoadedFromMemory doesn't match image C:\Users\Algo1\Documents\кабанович дима\3D Platformer\Library\PackageCache\com.unity.visualscripting@1.7.8\Editor\VisualScripting.Core\Dependencies\YamlDotNet\Unity.VisualScripting.YamlDotNet.dll
Symbol file LoadedFromMemory doesn't match image C:\Users\Algo1\Documents\кабанович дима\3D Platformer\Library\PackageCache\com.unity.visualscripting@1.7.8\Editor\VisualScripting.Core\Dependencies\DotNetZip\Unity.VisualScripting.IonicZip.dll
Native extension for WindowsStandalone target not found
Refreshing native plugins compatible for Editor in 13.79 ms, found 3 plugins.
Preloading 0 native plugins for Editor in 0.00 ms.
Mono: successfully reloaded assembly
- Completed reload, in 31.968 seconds
Domain Reload Profiling:
	ReloadAssembly (31977ms)
		BeginReloadAssembly (1256ms)
			ExecutionOrderSort (0ms)
			DisableScriptedObjects (57ms)
			BackupInstance (0ms)
			ReleaseScriptingObjects (0ms)
			CreateAndSetChildDomain (407ms)
		EndReloadAssembly (29101ms)
			LoadAssemblies (767ms)
			RebuildTransferFunctionScriptingTraits (0ms)
			SetupTypeCache (11042ms)
			ReleaseScriptCaches (52ms)
			RebuildScriptCaches (2195ms)
			SetupLoadedEditorAssemblies (12206ms)
				LogAssemblyErrors (0ms)
				InitializePlatformSupportModulesInManaged (434ms)
				SetLoadedEditorAssemblies (8ms)
				RefreshPlugins (14ms)
				BeforeProcessingInitializeOnLoad (2710ms)
				ProcessInitializeOnLoadAttributes (7987ms)
				ProcessInitializeOnLoadMethodAttributes (911ms)
				AfterProcessingInitializeOnLoad (140ms)
				EditorAssembliesLoaded (1ms)
			ExecutionOrderSort2 (0ms)
			AwakeInstancesAfterBackupRestoration (232ms)
Platform modules already initialized, skipping
Refreshing native plugins compatible for Editor in 38.10 ms, found 3 plugins.
Preloading 0 native plugins for Editor in 0.00 ms.
Unloading 3558 Unused Serialized files (Serialized files now loaded: 0)
Unloading 21 unused Assets / (144.1 KB). Loaded Objects now: 4185.
Memory consumption went from 158.8 MB to 158.7 MB.
Total: 305.292500 ms (FindLiveObjects: 3.747000 ms CreateObjectMapping: 18.120600 ms MarkObjects: 282.739900 ms  DeleteObjects: 0.676700 ms)

AssetImportParameters requested are different than current active one (requested -> active):
  custom:video-decoder-ogg-theora: a1e56fd34408186e4bbccfd4996cb3dc -> 
  custom:container-muxer-webm: aa71ff27fc2769a1b78a27578f13a17b -> 
  custom:container-demuxer-webm: 4f35f7cbe854078d1ac9338744f61a02 -> 
  custom:video-encoder-webm-vp8: eb34c28f22e8b96e1ab97ce403110664 -> 
  custom:audio-encoder-webm-vorbis: bf7c407c2cedff20999df2af8eb42d56 -> 
  custom:framework-win-MediaFoundation: 216162199b28c13a410421893ffa2e32 -> 
  custom:container-demuxer-ogg: 62fdf1f143b41e24485cea50d1cbac27 -> 
  custom:video-decoder-webm-vp8: 9c59270c3fd7afecdb556c50c9e8de78 -> 
  custom:audio-decoder-ogg-vorbis: bf7c407c2cedff20999df2af8eb42d56 -> 
========================================================================
Received Prepare
Registering precompiled user dll's ...
Registered in 0.048351 seconds.
Begin MonoManager ReloadAssembly
Symbol file LoadedFromMemory doesn't match image C:\Users\Algo1\Documents\кабанович дима\3D Platformer\Library\PackageCache\com.unity.visualscripting@1.7.8\Editor\VisualScripting.Core\Dependencies\YamlDotNet\Unity.VisualScripting.YamlDotNet.dll
Symbol file LoadedFromMemory doesn't match image C:\Users\Algo1\Documents\кабанович дима\3D Platformer\Library\PackageCache\com.unity.visualscripting@1.7.8\Editor\VisualScripting.Core\Dependencies\DotNetZip\Unity.VisualScripting.IonicZip.dll
Native extension for WindowsStandalone target not found
Refreshing native plugins compatible for Editor in 6.47 ms, found 3 plugins.
Preloading 0 native plugins for Editor in 0.00 ms.
Mono: successfully reloaded assembly
- Completed reload, in 17.033 seconds
Domain Reload Profiling:
	ReloadAssembly (17038ms)
		BeginReloadAssembly (1085ms)
			ExecutionOrderSort (0ms)
			DisableScriptedObjects (52ms)
			BackupInstance (0ms)
			ReleaseScriptingObjects (0ms)
			CreateAndSetChildDomain (210ms)
		EndReloadAssembly (14961ms)
			LoadAssemblies (803ms)
			RebuildTransferFunctionScriptingTraits (0ms)
			SetupTypeCache (2522ms)
			ReleaseScriptCaches (16ms)
			RebuildScriptCaches (925ms)
			SetupLoadedEditorAssemblies (9672ms)
				LogAssemblyErrors (0ms)
				InitializePlatformSupportModulesInManaged (265ms)
				SetLoadedEditorAssemblies (27ms)
				RefreshPlugins (7ms)
				BeforeProcessingInitializeOnLoad (1351ms)
				ProcessInitializeOnLoadAttributes (7716ms)
				ProcessInitializeOnLoadMethodAttributes (230ms)
				AfterProcessingInitializeOnLoad (72ms)
				EditorAssembliesLoaded (2ms)
			ExecutionOrderSort2 (0ms)
			AwakeInstancesAfterBackupRestoration (41ms)
Platform modules already initialized, skipping
Refreshing native plugins compatible for Editor in 5.00 ms, found 3 plugins.
Preloading 0 native plugins for Editor in 0.00 ms.
Unloading 3558 Unused Serialized files (Serialized files now loaded: 0)
Unloading 21 unused Assets / (144.2 KB). Loaded Objects now: 4200.
Memory consumption went from 158.8 MB to 158.7 MB.
Total: 5.791000 ms (FindLiveObjects: 0.438300 ms CreateObjectMapping: 0.364400 ms MarkObjects: 4.401600 ms  DeleteObjects: 0.584900 ms)

AssetImportParameters requested are different than current active one (requested -> active):
  custom:video-decoder-ogg-theora: a1e56fd34408186e4bbccfd4996cb3dc -> 
  custom:container-muxer-webm: aa71ff27fc2769a1b78a27578f13a17b -> 
  custom:container-demuxer-webm: 4f35f7cbe854078d1ac9338744f61a02 -> 
  custom:video-encoder-webm-vp8: eb34c28f22e8b96e1ab97ce403110664 -> 
  custom:audio-encoder-webm-vorbis: bf7c407c2cedff20999df2af8eb42d56 -> 
  custom:framework-win-MediaFoundation: 216162199b28c13a410421893ffa2e32 -> 
  custom:container-demuxer-ogg: 62fdf1f143b41e24485cea50d1cbac27 -> 
  custom:video-decoder-webm-vp8: 9c59270c3fd7afecdb556c50c9e8de78 -> 
  custom:audio-decoder-ogg-vorbis: bf7c407c2cedff20999df2af8eb42d56 -> 
========================================================================
Received Prepare
Registering precompiled user dll's ...
Registered in 0.011938 seconds.
Begin MonoManager ReloadAssembly
Symbol file LoadedFromMemory doesn't match image C:\Users\Algo1\Documents\кабанович дима\3D Platformer\Library\PackageCache\com.unity.visualscripting@1.7.8\Editor\VisualScripting.Core\Dependencies\YamlDotNet\Unity.VisualScripting.YamlDotNet.dll
Symbol file LoadedFromMemory doesn't match image C:\Users\Algo1\Documents\кабанович дима\3D Platformer\Library\PackageCache\com.unity.visualscripting@1.7.8\Editor\VisualScripting.Core\Dependencies\DotNetZip\Unity.VisualScripting.IonicZip.dll
Native extension for WindowsStandalone target not found
Refreshing native plugins compatible for Editor in 2.94 ms, found 3 plugins.
Preloading 0 native plugins for Editor in 0.00 ms.
Mono: successfully reloaded assembly
- Completed reload, in  2.869 seconds
Domain Reload Profiling:
	ReloadAssembly (2870ms)
		BeginReloadAssembly (274ms)
			ExecutionOrderSort (0ms)
			DisableScriptedObjects (10ms)
			BackupInstance (0ms)
			ReleaseScriptingObjects (0ms)
			CreateAndSetChildDomain (78ms)
		EndReloadAssembly (2312ms)
			LoadAssemblies (201ms)
			RebuildTransferFunctionScriptingTraits (0ms)
			SetupTypeCache (594ms)
			ReleaseScriptCaches (2ms)
			RebuildScriptCaches (89ms)
			SetupLoadedEditorAssemblies (1310ms)
				LogAssemblyErrors (0ms)
				InitializePlatformSupportModulesInManaged (24ms)
				SetLoadedEditorAssemblies (1ms)
				RefreshPlugins (3ms)
				BeforeProcessingInitializeOnLoad (146ms)
				ProcessInitializeOnLoadAttributes (981ms)
				ProcessInitializeOnLoadMethodAttributes (126ms)
				AfterProcessingInitializeOnLoad (28ms)
				EditorAssembliesLoaded (2ms)
			ExecutionOrderSort2 (0ms)
			AwakeInstancesAfterBackupRestoration (22ms)
Platform modules already initialized, skipping
Refreshing native plugins compatible for Editor in 5.72 ms, found 3 plugins.
Preloading 0 native plugins for Editor in 0.00 ms.
Unloading 3558 Unused Serialized files (Serialized files now loaded: 0)
Unloading 21 unused Assets / (144.6 KB). Loaded Objects now: 4215.
Memory consumption went from 158.8 MB to 158.7 MB.
Total: 6.054200 ms (FindLiveObjects: 0.534200 ms CreateObjectMapping: 0.361800 ms MarkObjects: 4.952400 ms  DeleteObjects: 0.203500 ms)

AssetImportParameters requested are different than current active one (requested -> active):
  custom:video-decoder-ogg-theora: a1e56fd34408186e4bbccfd4996cb3dc -> 
  custom:container-muxer-webm: aa71ff27fc2769a1b78a27578f13a17b -> 
  custom:container-demuxer-webm: 4f35f7cbe854078d1ac9338744f61a02 -> 
  custom:video-encoder-webm-vp8: eb34c28f22e8b96e1ab97ce403110664 -> 
  custom:audio-encoder-webm-vorbis: bf7c407c2cedff20999df2af8eb42d56 -> 
  custom:framework-win-MediaFoundation: 216162199b28c13a410421893ffa2e32 -> 
  custom:container-demuxer-ogg: 62fdf1f143b41e24485cea50d1cbac27 -> 
  custom:video-decoder-webm-vp8: 9c59270c3fd7afecdb556c50c9e8de78 -> 
  custom:audio-decoder-ogg-vorbis: bf7c407c2cedff20999df2af8eb42d56 -> 
========================================================================
Received Prepare
Registering precompiled user dll's ...
Registered in 0.011754 seconds.
Begin MonoManager ReloadAssembly
Symbol file LoadedFromMemory doesn't match image C:\Users\Algo1\Documents\кабанович дима\3D Platformer\Library\PackageCache\com.unity.visualscripting@1.7.8\Editor\VisualScripting.Core\Dependencies\YamlDotNet\Unity.VisualScripting.YamlDotNet.dll
Symbol file LoadedFromMemory doesn't match image C:\Users\Algo1\Documents\кабанович дима\3D Platformer\Library\PackageCache\com.unity.visualscripting@1.7.8\Editor\VisualScripting.Core\Dependencies\DotNetZip\Unity.VisualScripting.IonicZip.dll
Native extension for WindowsStandalone target not found
Refreshing native plugins compatible for Editor in 2.84 ms, found 3 plugins.
Preloading 0 native plugins for Editor in 0.00 ms.
Mono: successfully reloaded assembly
- Completed reload, in  2.532 seconds
Domain Reload Profiling:
	ReloadAssembly (2534ms)
		BeginReloadAssembly (286ms)
			ExecutionOrderSort (0ms)
			DisableScriptedObjects (11ms)
			BackupInstance (0ms)
			ReleaseScriptingObjects (0ms)
			CreateAndSetChildDomain (67ms)
		EndReloadAssembly (2037ms)
			LoadAssemblies (211ms)
			RebuildTransferFunctionScriptingTraits (0ms)
			SetupTypeCache (594ms)
			ReleaseScriptCaches (2ms)
			RebuildScriptCaches (93ms)
			SetupLoadedEditorAssemblies (1064ms)
				LogAssemblyErrors (0ms)
				InitializePlatformSupportModulesInManaged (25ms)
				SetLoadedEditorAssemblies (1ms)
				RefreshPlugins (3ms)
				BeforeProcessingInitializeOnLoad (153ms)
				ProcessInitializeOnLoadAttributes (646ms)
				ProcessInitializeOnLoadMethodAttributes (212ms)
				AfterProcessingInitializeOnLoad (23ms)
				EditorAssembliesLoaded (0ms)
			ExecutionOrderSort2 (0ms)
			AwakeInstancesAfterBackupRestoration (19ms)
Platform modules already initialized, skipping
Refreshing native plugins compatible for Editor in 6.96 ms, found 3 plugins.
Preloading 0 native plugins for Editor in 0.00 ms.
Unloading 3558 Unused Serialized files (Serialized files now loaded: 0)
Unloading 21 unused Assets / (144.4 KB). Loaded Objects now: 4230.
Memory consumption went from 158.9 MB to 158.7 MB.
Total: 8.198700 ms (FindLiveObjects: 0.607600 ms CreateObjectMapping: 0.220200 ms MarkObjects: 7.218800 ms  DeleteObjects: 0.150700 ms)

AssetImportParameters requested are different than current active one (requested -> active):
  custom:video-decoder-ogg-theora: a1e56fd34408186e4bbccfd4996cb3dc -> 
  custom:container-muxer-webm: aa71ff27fc2769a1b78a27578f13a17b -> 
  custom:container-demuxer-webm: 4f35f7cbe854078d1ac9338744f61a02 -> 
  custom:video-encoder-webm-vp8: eb34c28f22e8b96e1ab97ce403110664 -> 
  custom:audio-encoder-webm-vorbis: bf7c407c2cedff20999df2af8eb42d56 -> 
  custom:framework-win-MediaFoundation: 216162199b28c13a410421893ffa2e32 -> 
  custom:container-demuxer-ogg: 62fdf1f143b41e24485cea50d1cbac27 -> 
  custom:video-decoder-webm-vp8: 9c59270c3fd7afecdb556c50c9e8de78 -> 
  custom:audio-decoder-ogg-vorbis: bf7c407c2cedff20999df2af8eb42d56 -> 
