Using pre-set license
Built from '2021.3/staging' branch; Version is '2021.3.5f1 (40eb3a945986) revision 4254522'; Using compiler version '192829333'; Build Type 'Release'
OS: 'Windows 10  (10.0.19044) 64bit Professional' Language: 'ru' Physical Memory: 8124 MB
BatchMode: 1, IsHumanControllingUs: 0, StartBugReporterOnCrash: 0, Is64bit: 1, IsPro: 1

COMMAND LINE ARGUMENTS:
C:\Program Files\Unity 2021.3.5f1\Editor\Unity.exe
-adb2
-batchMode
-noUpm
-name
AssetImportWorker0
-projectPath
C:/Users/Algo1/Desktop/кабанович дима/labirint
-logFile
Logs/AssetImportWorker0.log
-srvPort
64601
Successfully changed project path to: C:/Users/Algo1/Desktop/кабанович дима/labirint
C:/Users/Algo1/Desktop/кабанович дима/labirint
[UnityMemory] Configuration Parameters - Can be set up in boot.config
    "memorysetup-bucket-allocator-granularity=16"
    "memorysetup-bucket-allocator-bucket-count=8"
    "memorysetup-bucket-allocator-block-size=33554432"
    "memorysetup-bucket-allocator-block-count=8"
    "memorysetup-main-allocator-block-size=16777216"
    "memorysetup-thread-allocator-block-size=16777216"
    "memorysetup-gfx-main-allocator-block-size=16777216"
    "memorysetup-gfx-thread-allocator-block-size=16777216"
    "memorysetup-cache-allocator-block-size=4194304"
    "memorysetup-typetree-allocator-block-size=2097152"
    "memorysetup-profiler-bucket-allocator-granularity=16"
    "memorysetup-profiler-bucket-allocator-bucket-count=8"
    "memorysetup-profiler-bucket-allocator-block-size=33554432"
    "memorysetup-profiler-bucket-allocator-block-count=8"
    "memorysetup-profiler-allocator-block-size=16777216"
    "memorysetup-profiler-editor-allocator-block-size=1048576"
    "memorysetup-temp-allocator-size-main=16777216"
    "memorysetup-job-temp-allocator-block-size=2097152"
    "memorysetup-job-temp-allocator-block-size-background=1048576"
    "memorysetup-job-temp-allocator-reduction-small-platforms=262144"
    "memorysetup-temp-allocator-size-background-worker=32768"
    "memorysetup-temp-allocator-size-job-worker=262144"
    "memorysetup-temp-allocator-size-preload-manager=33554432"
    "memorysetup-temp-allocator-size-nav-mesh-worker=65536"
    "memorysetup-temp-allocator-size-audio-worker=65536"
    "memorysetup-temp-allocator-size-cloud-worker=32768"
    "memorysetup-temp-allocator-size-gi-baking-worker=262144"
    "memorysetup-temp-allocator-size-gfx=262144"
Refreshing native plugins compatible for Editor in 68.07 ms, found 0 plugins.
Preloading 0 native plugins for Editor in 0.00 ms.
Initialize engine version: 2021.3.5f1 (40eb3a945986)
[Subsystems] Discovering subsystems at path C:/Program Files/Unity 2021.3.5f1/Editor/Data/Resources/UnitySubsystems
[Subsystems] Discovering subsystems at path C:/Users/Algo1/Desktop/кабанович дима/labirint/Assets
GfxDevice: creating device client; threaded=0; jobified=0
Direct3D:
    Version:  Direct3D 11.0 [level 11.0]
    Renderer: NVIDIA GeForce GT 750M (ID=0xfe4)
    Vendor:   NVIDIA
    VRAM:     2009 MB
    Driver:   24.21.13.9836
Initialize mono
Mono path[0] = 'C:/Program Files/Unity 2021.3.5f1/Editor/Data/Managed'
Mono path[1] = 'C:/Program Files/Unity 2021.3.5f1/Editor/Data/MonoBleedingEdge/lib/mono/unityjit-win32'
Mono config path = 'C:/Program Files/Unity 2021.3.5f1/Editor/Data/MonoBleedingEdge/etc'
Using monoOptions --debugger-agent=transport=dt_socket,embedding=1,server=y,suspend=n,address=127.0.0.1:56388
Begin MonoManager ReloadAssembly
Registering precompiled unity dll's ...
Register platform support module: C:/Program Files/Unity 2021.3.5f1/Editor/Data/PlaybackEngines/WindowsStandaloneSupport/UnityEditor.WindowsStandalone.Extensions.dll
Registered in 0.006279 seconds.
Native extension for WindowsStandalone target not found
Refreshing native plugins compatible for Editor in 73.15 ms, found 0 plugins.
Preloading 0 native plugins for Editor in 0.00 ms.
Mono: successfully reloaded assembly
- Completed reload, in  0.916 seconds
Domain Reload Profiling:
	ReloadAssembly (917ms)
		BeginReloadAssembly (101ms)
			ExecutionOrderSort (0ms)
			DisableScriptedObjects (0ms)
			BackupInstance (0ms)
			ReleaseScriptingObjects (0ms)
			CreateAndSetChildDomain (1ms)
		EndReloadAssembly (665ms)
			LoadAssemblies (98ms)
			RebuildTransferFunctionScriptingTraits (0ms)
			SetupTypeCache (169ms)
			ReleaseScriptCaches (0ms)
			RebuildScriptCaches (40ms)
			SetupLoadedEditorAssemblies (368ms)
				LogAssemblyErrors (0ms)
				InitializePlatformSupportModulesInManaged (11ms)
				SetLoadedEditorAssemblies (0ms)
				RefreshPlugins (73ms)
				BeforeProcessingInitializeOnLoad (5ms)
				ProcessInitializeOnLoadAttributes (214ms)
				ProcessInitializeOnLoadMethodAttributes (64ms)
				AfterProcessingInitializeOnLoad (0ms)
				EditorAssembliesLoaded (0ms)
			ExecutionOrderSort2 (0ms)
			AwakeInstancesAfterBackupRestoration (0ms)
Platform modules already initialized, skipping
Registering precompiled user dll's ...
Registered in 0.006752 seconds.
Begin MonoManager ReloadAssembly
Native extension for WindowsStandalone target not found
Refreshing native plugins compatible for Editor in 5.57 ms, found 0 plugins.
Preloading 0 native plugins for Editor in 0.00 ms.
Mono: successfully reloaded assembly
- Completed reload, in  1.674 seconds
Domain Reload Profiling:
	ReloadAssembly (1676ms)
		BeginReloadAssembly (152ms)
			ExecutionOrderSort (0ms)
			DisableScriptedObjects (9ms)
			BackupInstance (0ms)
			ReleaseScriptingObjects (0ms)
			CreateAndSetChildDomain (26ms)
		EndReloadAssembly (1252ms)
			LoadAssemblies (102ms)
			RebuildTransferFunctionScriptingTraits (0ms)
			SetupTypeCache (467ms)
			ReleaseScriptCaches (0ms)
			RebuildScriptCaches (69ms)
			SetupLoadedEditorAssemblies (463ms)
				LogAssemblyErrors (0ms)
				InitializePlatformSupportModulesInManaged (11ms)
				SetLoadedEditorAssemblies (1ms)
				RefreshPlugins (6ms)
				BeforeProcessingInitializeOnLoad (146ms)
				ProcessInitializeOnLoadAttributes (237ms)
				ProcessInitializeOnLoadMethodAttributes (45ms)
				AfterProcessingInitializeOnLoad (16ms)
				EditorAssembliesLoaded (0ms)
			ExecutionOrderSort2 (0ms)
			AwakeInstancesAfterBackupRestoration (14ms)
Platform modules already initialized, skipping
========================================================================
Worker process is ready to serve import requests
Failed to load shader (instanceID 6434, GUID 9c442dc870b456e48b615cd8add0e9ef)
Failed to load shader (instanceID 6436, GUID 493b79ea9c9be44ed8b702014d3ac49c)
Launched and connected shader compiler UnityShaderCompiler.exe after 0.10 seconds
Refreshing native plugins compatible for Editor in 6.90 ms, found 0 plugins.
Preloading 0 native plugins for Editor in 0.00 ms.
Unloading 1077 Unused Serialized files (Serialized files now loaded: 0)
Unloading 16 unused Assets / (55.2 KB). Loaded Objects now: 1535.
Memory consumption went from 55.0 MB to 54.9 MB.
Total: 6.048700 ms (FindLiveObjects: 0.232600 ms CreateObjectMapping: 0.062600 ms MarkObjects: 5.629100 ms  DeleteObjects: 0.122700 ms)

AssetImportParameters requested are different than current active one (requested -> active):
  custom:video-decoder-ogg-theora: a1e56fd34408186e4bbccfd4996cb3dc -> 
  custom:container-muxer-webm: aa71ff27fc2769a1b78a27578f13a17b -> 
  custom:container-demuxer-webm: 4f35f7cbe854078d1ac9338744f61a02 -> 
  custom:video-encoder-webm-vp8: eb34c28f22e8b96e1ab97ce403110664 -> 
  custom:audio-encoder-webm-vorbis: bf7c407c2cedff20999df2af8eb42d56 -> 
  custom:framework-win-MediaFoundation: 216162199b28c13a410421893ffa2e32 -> 
  custom:container-demuxer-ogg: 62fdf1f143b41e24485cea50d1cbac27 -> 
  custom:video-decoder-webm-vp8: 9c59270c3fd7afecdb556c50c9e8de78 -> 
  custom:audio-decoder-ogg-vorbis: bf7c407c2cedff20999df2af8eb42d56 -> 
========================================================================
Received Import Request.
  Time since last request: 268972.003555 seconds.
  path: Assets/Scenes/expiriments.unity
  artifactKey: Guid(cab0651615abae24fb20d2d422959a83) Importer(815301076,1909f56bfc062723c751e8b465ee728b)
Start importing Assets/Scenes/expiriments.unity using Guid(cab0651615abae24fb20d2d422959a83) Importer(815301076,1909f56bfc062723c751e8b465ee728b)  -> (artifact id: '923c33146a8bbe0b560ffe2372c22f92') in 0.019172 seconds 
========================================================================
Received Import Request.
  Time since last request: 566.985308 seconds.
  path: Assets/art
  artifactKey: Guid(f2f828aaff43388468ee28645ba33591) Importer(815301076,1909f56bfc062723c751e8b465ee728b)
Start importing Assets/art using Guid(f2f828aaff43388468ee28645ba33591) Importer(815301076,1909f56bfc062723c751e8b465ee728b)  -> (artifact id: 'c5a7b655bb017383bcd0d3928cd90973') in 0.027703 seconds 
========================================================================
Received Import Request.
  Time since last request: 9.247074 seconds.
  path: Assets/art/material
  artifactKey: Guid(d863e06ae646e8948895d08d0b311642) Importer(815301076,1909f56bfc062723c751e8b465ee728b)
Start importing Assets/art/material using Guid(d863e06ae646e8948895d08d0b311642) Importer(815301076,1909f56bfc062723c751e8b465ee728b)  -> (artifact id: 'cdc583cf75ee4f36f9d230f7cdcbec8f') in 0.017120 seconds 
========================================================================
Received Import Request.
  Time since last request: 2296.128010 seconds.
  path: Assets/art/textures
  artifactKey: Guid(dd095e93e33e9424b8933e5bf5582721) Importer(815301076,1909f56bfc062723c751e8b465ee728b)
Start importing Assets/art/textures using Guid(dd095e93e33e9424b8933e5bf5582721) Importer(815301076,1909f56bfc062723c751e8b465ee728b)  -> (artifact id: 'de85632ace0209b795f47cdfb5390389') in 0.017554 seconds 
========================================================================
Received Import Request.
  Time since last request: 62.328756 seconds.
  path: Assets/art/textures/Stone.jpg
  artifactKey: Guid(c6b42863864c0e341bca531930fee00e) Importer(815301076,1909f56bfc062723c751e8b465ee728b)
Start importing Assets/art/textures/Stone.jpg using Guid(c6b42863864c0e341bca531930fee00e) Importer(815301076,1909f56bfc062723c751e8b465ee728b)  -> (artifact id: '28e4c1a6a00429670d171490addda0ec') in 0.153997 seconds 
========================================================================
Received Import Request.
  Time since last request: 359.958563 seconds.
  path: Assets/art/textures/Stone.jpg
  artifactKey: Guid(c6b42863864c0e341bca531930fee00e) Importer(815301076,1909f56bfc062723c751e8b465ee728b)
Start importing Assets/art/textures/Stone.jpg using Guid(c6b42863864c0e341bca531930fee00e) Importer(815301076,1909f56bfc062723c751e8b465ee728b)  -> (artifact id: 'e7dffe482e4e595c4dbdf6447dee355f') in 0.034589 seconds 
========================================================================
Received Import Request.
  Time since last request: 206.444585 seconds.
  path: Assets/art/Materials
  artifactKey: Guid(aef21731651a319469f6d7722e47c3b7) Importer(815301076,1909f56bfc062723c751e8b465ee728b)
Start importing Assets/art/Materials using Guid(aef21731651a319469f6d7722e47c3b7) Importer(815301076,1909f56bfc062723c751e8b465ee728b)  -> (artifact id: 'e1a2c42026b6b55bbddd882ccfdd351c') in 0.015606 seconds 
